<?xml version="1.0" encoding="UTF-8"?>
<testsuite name="aup.cs.HelloWorldTest" tests="1" skipped="0" failures="0" errors="0" timestamp="2018-01-14T13:23:53" hostname="cactus" time="0.004">
  <properties/>
  <testcase name="testSomething" classname="aup.cs.HelloWorldTest" time="0.004"/>
  <system-out><![CDATA[]]></system-out>
  <system-err><![CDATA[]]></system-err>
</testsuite>
